<?xml version="1.0" encoding="UTF-8"?>
<!-- Generated by org.testng.reporters.JUnitReportReporter -->
<testsuite hostname="del1-lhp-n70265" failures="0" tests="4" name="com.testng.selenium.v2.LoginLogoutTest" time="39.980" errors="0" timestamp="2023-05-26T12:54:16 IST" skipped="0">
  <testcase classname="com.testng.selenium.v2.LoginLogoutTest" name="loginTest" time="6.654"/>
  <system-out/>
  <testcase classname="com.testng.selenium.v2.LoginLogoutTest" name="userregister" time="11.854"/>
  <system-out/>
  <testcase classname="com.testng.selenium.v2.LoginLogoutTest" name="testUserDetailsModification" time="11.230"/>
  <system-out/>
  <testcase classname="com.testng.selenium.v2.LoginLogoutTest" name="logoutTest" time="10.242"/>
  <system-out/>
</testsuite> <!-- com.testng.selenium.v2.LoginLogoutTest -->
